[10:06:57] [main/WARN]: Warnings were found!
 - Mod 'LambDynamicLights' (lambdynlights) 2.3.2+1.20.1 recommends version 0.19.1 or later of quilt_loader, which is missing!
	 - You should install version 0.19.1 or later of quilt_loader for the optimal experience.
	- architectury 9.2.14
	- armor_hud 0.4.0
	- betterf3 7.0.2
	- betterpingdisplay 1.1.1
	- boathud 1.1.4
	- bobby 5.0.1
	   |-- com_typesafe_config 1.4.2
	   |-- io_leangen_geantyref_geantyref 1.3.13
	   |-- org_spongepowered_configurate-core 4.1.2
	   \-- org_spongepowered_configurate-hocon 4.1.2
	- carpet 1.4.112+v230608
	- cave_dweller 1.3.0
	- chunkpregen 0.3.3
	- citresewn 1.1.3+1.20
	   \-- citresewn-defaults 1.1.3+1.20
	- cloth-config 11.1.118
	   \-- cloth-basic-math 0.6.1
	- continuity 3.0.0-beta.4+1.20.1
	- craftify 1.16.0
	   |-- elementa 636
	   |-- universalcraft 342
	   \-- vigilance 295
	- emotecraft 2.2.7-a.build.49
	   \-- bendy-lib 4.0.0
	- enhancedblockentities 0.9+1.20
	   |-- advanced_runtime_resource_pack 0.6.7
	   \-- spruceui 5.0.0+1.20
	- entity_model_features 1.3
	- entity_texture_features 5.2.3
	   \-- org_apache_httpcomponents_httpmime 4.5.10
	- entityculling 1.6.2-mc1.20
	- explosiveenhancement 1.2.2-1.20.x
	   |-- org_jetbrains_kotlin_kotlin-reflect 1.9.0
	   |-- org_jetbrains_kotlin_kotlin-stdlib 1.9.0
	   |-- org_jetbrains_kotlin_kotlin-stdlib-jdk7 1.9.0
	   |-- org_jetbrains_kotlin_kotlin-stdlib-jdk8 1.9.0
	   |-- org_jetbrains_kotlinx_atomicfu-jvm 0.22.0
	   |-- org_jetbrains_kotlinx_kotlinx-coroutines-core-jvm 1.7.3
	   |-- org_jetbrains_kotlinx_kotlinx-coroutines-jdk8 1.7.3
	   |-- org_jetbrains_kotlinx_kotlinx-datetime-jvm 0.4.0
	   |-- org_jetbrains_kotlinx_kotlinx-serialization-cbor-jvm 1.6.0
	   |-- org_jetbrains_kotlinx_kotlinx-serialization-core-jvm 1.6.0
	   \-- org_jetbrains_kotlinx_kotlinx-serialization-json-jvm 1.6.0
	   \-- mixinextras 0.3.5
	- ferritecore 6.0.1
	- freecam 1.2.1+1.20
	- geckolib 4.4.6
	   \-- com_eliotlash_mclib_mclib 20
	- indium 1.0.27+mc1.20.1
	- iris 1.6.9
	   |-- io_github_douira_glsl-transformer 2.0.0-pre13
	   |-- org_anarres_jcpp 1.4.14
	   \-- org_antlr_antlr4-runtime 4.11.1
	- jei 15.3.0.8
	- lambdynlights 2.3.2+1.20.1
	   |-- pride 1.2.0+1.19.4
	   \-- spruceui 5.0.0+1.20
	- litematica 0.15.0
	- malilib 0.16.0
	- man 1.1.0
	   \-- porting_lib_networking 2.1.1127+1.20
	        |-- porting_lib_core 2.1.1127+1.20
	        \-- porting_lib_gametest 2.1.1127+1.20
	- maptooltip 3.0.0
	- meteor-client 0.5.4
	   \-- baritone-meteor 1.20.1-SNAPSHOT
	- meteor-litematica-printer 1.2
	- meteor-rejects 0.3
	   \-- seedcrackerx-api 2.10.1
	- meteor-villager-roller 1.4.2+mc1.20.1-rev.ac89621
	- modmenu 7.2.2
	- mru 0.4.0+1.20
	- owo 0.11.2+1.20
	- particular 1.0.4
	- player-animator 1.0.2-rc1+1.20
	- replaymod 1.20.1-2.6.13
	- resourcify 1.3.1
	   \-- catconfig-mc 0.2.1
	        \-- io_github_lgatodu47_catconfig 0.3.0
	- seriousplayeranimations 1.1.1
	- shulkerboxtooltip 4.0.3+1.20
	- skinlayers3d 1.6.1
	- smoothswapping 0.9.3.1
	- sodium 0.5.3
	- spyglass_astronomy 1.0.10.1-mc1.20.1
	- stendhal 1.4.0-1.20
	   \-- libgui 8.0.2+1.20
	        |-- jankson 6.0.0+j1.2.3
	        |    \-- blue_endless_jankson 1.2.3
	        \-- libninepatch 1.2.0
	   |-- org_yaml_snakeyaml 2.0
	   \-- viaversion 4.7.0
	- worldedit 7.2.15+6463-5ca4dff
	- xaerominimap 23.8.4
	- xaeroworldmap 1.36.0
	   |-- com_twelvemonkeys_common_common-image 3.10.0
	   |-- com_twelvemonkeys_common_common-io 3.10.0
	   |-- com_twelvemonkeys_common_common-lang 3.10.0
	   |-- com_twelvemonkeys_imageio_imageio-core 3.10.0
	   |-- com_twelvemonkeys_imageio_imageio-metadata 3.10.0
	   |-- com_twelvemonkeys_imageio_imageio-webp 3.10.0
	   |-- org_quiltmc_parsers_gson 0.2.1
	   \-- org_quiltmc_parsers_json 0.2.1
[10:07:04] [main/WARN]: Reference map 'mru-refmap.json' for mru.mixins.json could not be read. If this is a development environment you can ignore this message
[10:07:04] [main/WARN]: Reference map 'mixins.nonmmlauncher.replaymod.refmap.json' for mixins.nonmmlauncher.replaymod.json could not be read. If this is a development environment you can ignore this message
[10:07:04] [main/INFO]: Loaded configuration file for Sodium: 41 options available, 3 override(s) found
[10:07:05] [main/ERROR]: The specified mixin 'tech.thatgravyboat.craftify.mixin.CustomPayloadMixin' was not found
org.spongepowered.asm.mixin.transformer.throwables.InvalidMixinException: The specified mixin 'tech.thatgravyboat.craftify.mixin.CustomPayloadMixin' was not found
	at org.spongepowered.asm.mixin.transformer.MixinInfo.<init>(MixinInfo.java:865) ~[sponge-mixin-0.13.3+mixin.0.8.5.jar:0.13.3+mixin.0.8.5]
	at org.spongepowered.asm.mixin.transformer.MixinConfig.prepareMixins(MixinConfig.java:852) ~[sponge-mixin-0.13.3+mixin.0.8.5.jar:0.13.3+mixin.0.8.5]
	at org.spongepowered.asm.mixin.transformer.MixinConfig.prepare(MixinConfig.java:777) ~[sponge-mixin-0.13.3+mixin.0.8.5.jar:0.13.3+mixin.0.8.5]
	at org.spongepowered.asm.mixin.transformer.MixinProcessor.prepareConfigs(MixinProcessor.java:540) ~[sponge-mixin-0.13.3+mixin.0.8.5.jar:0.13.3+mixin.0.8.5]
	at org.spongepowered.asm.mixin.transformer.MixinProcessor.select(MixinProcessor.java:462) ~[sponge-mixin-0.13.3+mixin.0.8.5.jar:0.13.3+mixin.0.8.5]
	at org.spongepowered.asm.mixin.transformer.MixinProcessor.checkSelect(MixinProcessor.java:438) ~[sponge-mixin-0.13.3+mixin.0.8.5.jar:0.13.3+mixin.0.8.5]
	at org.spongepowered.asm.mixin.transformer.MixinProcessor.applyMixins(MixinProcessor.java:290) ~[sponge-mixin-0.13.3+mixin.0.8.5.jar:0.13.3+mixin.0.8.5]
	at org.spongepowered.asm.mixin.transformer.MixinTransformer.transformClass(MixinTransformer.java:234) ~[sponge-mixin-0.13.3+mixin.0.8.5.jar:0.13.3+mixin.0.8.5]
	at org.spongepowered.asm.mixin.transformer.MixinTransformer.transformClassBytes(MixinTransformer.java:202) ~[sponge-mixin-0.13.3+mixin.0.8.5.jar:0.13.3+mixin.0.8.5]
	at java.lang.ClassLoader.loadClass(ClassLoader.java:525) ~[?:?]
	at java.lang.Class.forName0(Native Method) ~[?:?]
	at java.lang.Class.forName(Class.java:467) ~[?:?]
Caused by: java.lang.ClassNotFoundException: The specified mixin 'tech.thatgravyboat.craftify.mixin.CustomPayloadMixin' was not found
	at org.spongepowered.asm.mixin.transformer.MixinInfo.loadMixinClass(MixinInfo.java:1314) ~[sponge-mixin-0.13.3+mixin.0.8.5.jar:0.13.3+mixin.0.8.5]
	at org.spongepowered.asm.mixin.transformer.MixinInfo.<init>(MixinInfo.java:858) ~[sponge-mixin-0.13.3+mixin.0.8.5.jar:0.13.3+mixin.0.8.5]
	... 22 more
[10:07:05] [main/WARN]: Error loading class: fr/catcore/server/translations/api/resource/language/SystemDelegatedLanguage (java.lang.ClassNotFoundException: fr/catcore/server/translations/api/resource/language/SystemDelegatedLanguage)
[10:07:06] [main/WARN]: Error loading class: org/jetbrains/annotations/ApiStatus$Internal (java.lang.ClassNotFoundException: org/jetbrains/annotations/ApiStatus$Internal)
[10:07:06] [main/WARN]: Error loading class: org/jetbrains/annotations/ApiStatus$Internal (java.lang.ClassNotFoundException: org/jetbrains/annotations/ApiStatus$Internal)
[10:07:06] [main/INFO]: I used the json to destroy the json
[10:07:06] [main/WARN]: Error loading class: net/optifine/render/ChunkVisibility (java.lang.ClassNotFoundException: net/optifine/render/ChunkVisibility)
[10:07:06] [main/WARN]: Error loading class: shadersmod/client/ShadersRender (java.lang.ClassNotFoundException: shadersmod/client/ShadersRender)
[10:07:06] [main/WARN]: Error loading class: net/optifine/shaders/ShadersRender (java.lang.ClassNotFoundException: net/optifine/shaders/ShadersRender)
[10:07:06] [main/INFO]: Searching for graphics cards...
[10:07:06] [main/INFO]: Found graphics card: GraphicsAdapterInfo[vendor=AMD, name=AMD Radeon RX 6600, version=DriverVersion=31.0.12027.9001]
[10:07:09] [main/WARN]: Mixin stendhal.mixins.json:ChatScreenMixin from mod stendhal has multiple constructors, (Lnet/minecraft/class_2561;)V was selected
[10:07:14] [Datafixer Bootstrap/INFO]: 188 Datafixer optimizations took 588 milliseconds
[10:07:17] [main/WARN]: Method overwrite conflict for getClimateSettings in architectury.mixins.json:BiomeAccessor from mod architectury, previously written by carpet.mixins.Biome_scarpetMixin. Skipping method.
[10:07:18] [Render thread/INFO]: Mixing MinecraftClientMixin from mixins.craftify.json into net.minecraft.class_310
[10:07:18] [Render thread/WARN]: Method overwrite conflict for getPausedTickDelta in entity_model_features-common.mixins.json:accessor.MinecraftClientAccessor from mod entity_model_features, previously written by carpet.mixins.Minecraft_pausedShakeMixin. Skipping method.
[10:07:19] [Render thread/INFO]: Environment: ElyEnvironment[name=ely,authHost=https://authserver.ely.by/auth,accountsHost=https://account.ely.by/api/mojang,sessionHost=https://account.ely.by/api/minecraft/session,servicesHost=https://authserver.ely.by/services]
[10:07:19] [Render thread/INFO]: CAFixer is not available: java.lang.NoClassDefFoundError: com/turikhay/caf/util/Logger
[10:07:19] [Render thread/INFO]: Setting user: FreshCrazy
[10:07:19] [Render thread/WARN]: Could not find config file, creating a default one
[10:07:19] [Render thread/INFO]: BetterPingDisplay mod loaded
[10:07:20] [Render thread/ERROR]: No data fixer registered for managgresive
[10:07:20] [Render thread/ERROR]: No data fixer registered for manfromthefog
[10:07:20] [Render thread/INFO]: I bet DeetHunter will never see this one!
[10:07:20] [Render thread/INFO]: Loading up some Serious Animations.
[10:07:20] [Render thread/INFO]: [ShulkerBoxTooltip] Could not find configuration file, creating default file
[10:07:20] [Render thread/INFO]: [Stendhal] Initializing
[10:07:20] [Render thread/INFO]: [STDOUT]: [Stendhal] Config folder created.
[10:07:20] [Render thread/INFO]: [STDOUT]: [Stendhal] Config file created.
[10:07:21] [Via-Mappingloader-0/INFO]: Loading block connection mappings ...
[10:07:21] [Via-Mappingloader-0/INFO]: Using FastUtil Long2ObjectOpenHashMap for block connections
[10:07:22] [Render thread/INFO]: ViaVersion detected lowest supported version by the proxy: 1.7.2-1.7.5 (4)
[10:07:22] [Render thread/INFO]: Highest supported version by the proxy: 1.20 (763)
[10:07:22] [Render thread/WARN]: ViaVersion does not have any compatible versions for this server version!
[10:07:22] [Render thread/WARN]: Please remember that ViaVersion only adds support for versions newer than the server version.
[10:07:22] [Render thread/WARN]: If you need support for older versions you may need to use one or more ViaVersion addons too.
[10:07:22] [Render thread/WARN]: In that case please read the ViaVersion resource page carefully or use https://jo0001.github.io/ViaSetup
[10:07:22] [Render thread/WARN]: and if you're still unsure, feel free to join our Discord-Server for further assistance.
[10:07:23] [Render thread/INFO]: Registering S2C receiver with id architectury:spawn_entity_packet
[10:07:23] [Render thread/INFO]: [Slotted Armor HUD] Config file is missing, creating new one...
[10:07:23] [Render thread/INFO]: [BetterF3] Loading...
[10:07:23] [Render thread/INFO]: [BetterF3] All done!
[10:07:23] [Render thread/INFO]: [citresewn] Registering CIT Conditions
[10:07:23] [Render thread/INFO]: [citresewn] Registering CIT Types
[10:07:25] [Render thread/WARN]: Invalid config, creating new one!
[10:07:25] [Render thread/INFO]: Mixing GameRendererMixin from mixins.craftify.json into net.minecraft.class_757
[10:07:25] [Render thread/INFO]: Loading Entity Model Features, breaking your resource packs since April 1st 2023.
[10:07:26] [Render thread/INFO]: 1 new ETF Random Properties registered by entity_model_features.
[10:07:26] [Render thread/INFO]: Loading Entity Texture Features, not fit for consumption in the US.
[10:07:26] [Render thread/INFO]: Sending ConfigManager...
[10:07:26] [Render thread/INFO]: Sending ConfigManager took 4.174 ms
[10:07:26] [Render thread/INFO]: [LambDynLights] Initializing LambDynamicLights...
[10:07:26] [Render thread/INFO]: [LambDynLights] Configuration loaded.
[10:07:27] [Worker-Main-2/INFO]: Checking mod updates...
[10:07:27] [Render thread/INFO]: I am quite particular about the effects I choose to add :3
[10:07:28] [Render thread/INFO]: Missing client config file. Creating one...
[10:07:28] [Worker-Main-2/INFO]: Update available for 'sodium@0.5.3', (-> mc1.20.1-0.5.11)
[10:07:28] [Worker-Main-2/INFO]: Update available for 'continuity@3.0.0-beta.4+1.20.1', (-> 3.0.0-beta.5+1.20.1)
[10:07:28] [Worker-Main-2/INFO]: Update available for 'mru@0.4.0+1.20', (-> 0.4.4+1.20.1)
[10:07:28] [Worker-Main-2/INFO]: Update available for 'indium@1.0.27+mc1.20.1', (-> 1.0.34+mc1.20.1)
[10:07:28] [Worker-Main-2/INFO]: Update available for 'particular@1.0.4', (-> 1.1.1)
[10:07:28] [Worker-Main-2/INFO]: Update available for 'entity_texture_features@5.2.3', (-> 6.1.3)
[10:07:28] [Worker-Main-2/INFO]: Update available for 'resourcify@1.3.1', (-> 1.4.0)
[10:07:28] [Worker-Main-2/INFO]: Update available for 'entity_model_features@1.3', (-> 2.1.3)
[10:07:28] [Worker-Main-2/INFO]: Update available for 'malilib@0.16.0', (-> 0.16.3)
[10:07:28] [Worker-Main-2/INFO]: Update available for 'iris@1.6.9', (-> 1.7.2+1.20.1)
[10:07:28] [Worker-Main-2/INFO]: Update available for 'citresewn@1.1.3+1.20', (-> 1.1.5+1.20.1)
[10:07:28] [Worker-Main-2/INFO]: Update available for 'armor_hud@0.4.0', (-> 1.2.5)
[10:07:28] [Worker-Main-2/INFO]: Update available for 'stendhal@1.4.0-1.20', (-> 1.4.1-1.20)
[10:07:28] [Worker-Main-2/INFO]: Update available for 'man@1.1.0', (-> 1.1.1)
[10:07:28] [Worker-Main-2/INFO]: Update available for 'entityculling@1.6.2-mc1.20', (-> 1.6.6)
[10:07:28] [Worker-Main-2/INFO]: Update available for 'skinlayers3d@1.6.1', (-> 1.6.6)
[10:07:28] [Worker-Main-2/INFO]: Update available for 'litematica@0.15.0', (-> 0.15.4)
[10:07:28] [Worker-Main-2/INFO]: Update available for 'replaymod@1.20.1-2.6.13', (-> 1.20.1-2.6.17)
[10:07:28] [Worker-Main-2/INFO]: Update available for 'jei@15.3.0.8', (-> 15.11.0.43)
[10:07:28] [Render thread/INFO]: Loading Xaero's Minimap - Stage 1/2
[10:07:28] [Render thread/INFO]: Loading Xaero's World Map - Stage 1/2
[10:07:30] [Render thread/INFO]: Config file 'C:\Users\yarik\AppData\Roaming\.tlauncher\legacy\Minecraft\game\config\yacl.json5' does not exist. Creating it with default values.
[10:07:30] [Render thread/INFO]: Serializing class dev.isxander.yacl3.platform.YACLConfig to 'C:\Users\yarik\AppData\Roaming\.tlauncher\legacy\Minecraft\game\config\yacl.json5'
[10:07:31] [Render thread/INFO]: Backend library: LWJGL version 3.3.1 SNAPSHOT
[10:07:32] [Render thread/INFO]: OpenGL Vendor: ATI Technologies Inc.
[10:07:32] [Render thread/INFO]: OpenGL Renderer: AMD Radeon RX 6600
[10:07:32] [Render thread/INFO]: OpenGL Version: 3.2.0 Core Profile Context 22.20.27.09.230330
[10:07:32] [Render thread/INFO]: Mixing MouseMixin from mixins.craftify.json into net.minecraft.class_312
[10:07:32] [ForkJoinPool.commonPool-worker-1/INFO]: [Iris Update Check] New update detected, showing update message!
[10:07:33] [Render thread/INFO]: Debug functionality is disabled.
[10:07:33] [Render thread/INFO]: ARB_direct_state_access detected, enabling DSA.
[10:07:33] [Render thread/INFO]: Shaders are disabled because no valid shaderpack is selected
[10:07:33] [Render thread/INFO]: Shaders are disabled
[10:07:33] [Render thread/INFO]: ARRP register - before vanilla
[10:07:33] [Render thread/INFO]: ARRP register - after vanilla
[10:07:33] [Render thread/INFO]: ARRP register - before user
[10:07:34] [Render thread/INFO]: Hardware information:
[10:07:34] [Render thread/INFO]: CPU: 4x Intel(R) Core(TM) i5-7500 CPU @ 3.40GHz
[10:07:34] [Render thread/INFO]: GPU: AMD Radeon RX 6600 (Supports OpenGL 3.2.0 Core Profile Context 22.20.27.09.230330)
[10:07:34] [Render thread/INFO]: OS: Windows 11 (10.0)
[10:07:35] [Render thread/WARN]: Method overwrite conflict for armorHud_getCurrentArmorHudConfig in armor_hud.mixins.json:StatusEffectHudMixin from mod armor_hud, previously written by ru.berdinskiybear.armorhud.mixin.InGameHudMixin. Skipping method.
[10:07:35] [Render thread/WARN]: @Inject(@At("INVOKE")) Shift.BY=2 on armor_hud.mixins.json:StatusEffectHudMixin from mod armor_hud::handler$zdh000$armor_hud$calculateOffset exceeds the maximum allowed value: 0. Increase the value of maxShiftBy to suppress this warning.
[10:07:35] [Render thread/WARN]: @Inject(@At("INVOKE")) Shift.BY=4 on armor_hud.mixins.json:SubtitlesHudMixin from mod armor_hud::handler$zdi001$armor_hud$calculateOffset exceeds the maximum allowed value: 0. Increase the value of maxShiftBy to suppress this warning.
[10:07:36] [Render thread/INFO]: closing rrp ebe:base_resources
[10:07:36] [Render thread/INFO]: ARRP register - before vanilla
[10:07:36] [Render thread/INFO]: ARRP register - after vanilla
[10:07:37] [Worker-Main-2/INFO]: Found unifont_all_no_pua-15.0.06.hex, loading
[10:07:37] [Render thread/INFO]: [STDOUT]: Baritone settings file not found, resetting.
[10:07:38] [Render thread/INFO]: Initializing Meteor Client
[10:07:40] [Render thread/INFO]: Reflections took 649 ms to scan 1 urls, producing 21 keys and 859 values
[10:07:40] [Render thread/INFO]: Reflections took 1 ms to scan 1 urls, producing 1 keys and 2 values
[10:07:40] [Render thread/INFO]: Reflections took 110 ms to scan 1 urls, producing 10 keys and 145 values
[10:07:40] [Render thread/INFO]: Reflections took 5 ms to scan 1 urls, producing 2 keys and 4 values
[10:07:43] [Render thread/INFO]: Found 67 font families.
[10:07:44] [Render thread/INFO]: Initializing litematica printer
[10:07:44] [Render thread/INFO]: Initializing Meteor Rejects Addon
[10:07:45] [Render thread/INFO]: Initializing Meteor Villager Roller
[10:07:45] [Render thread/INFO]: Loading
[10:07:45] [Render thread/INFO]: Loaded in 79 milliseconds
[10:07:45] [Render thread/INFO]: Loading Xaero's World Map - Stage 2/2
[10:07:45] [Render thread/INFO]: New world map region cache hash code: -1578492949
[10:07:45] [Render thread/INFO]: Registered player tracker system: map_synced
[10:07:45] [Render thread/INFO]: Xaero's WorldMap Mod: Xaero's minimap found!
[10:07:45] [Render thread/INFO]: Registered player tracker system: minimap_synced
[10:07:45] [Render thread/INFO]: No Optifine!
[10:07:45] [Render thread/INFO]: Xaero's World Map: No Vivecraft!
[10:07:45] [Render thread/INFO]: Xaero's World Map: Iris found!
[10:07:45] [Render thread/INFO]: Loading Xaero's Minimap - Stage 2/2
[10:07:46] [Render thread/INFO]: Registered player tracker system: minimap_synced
[10:07:46] [Render thread/INFO]: Xaero's Minimap: World Map found!
[10:07:46] [Render thread/INFO]: No Optifine!
[10:07:46] [Render thread/INFO]: Xaero's Minimap: No Vivecraft!
[10:07:46] [Render thread/INFO]: Xaero's Minimap: Iris found!
[10:07:46] [Render thread/WARN]: Missing sound for event: minecraft:item.goat_horn.play
[10:07:46] [Render thread/WARN]: Missing sound for event: minecraft:entity.goat.screaming.horn_break
[10:07:47] [Render thread/INFO]: OpenAL initialized on device OpenAL Soft on Digital Audio (S/PDIF) (High Definition Audio Device)
[10:07:47] [Render thread/INFO]: Sound engine started
[10:07:47] [Render thread/INFO]: Created: 1024x1024x4 minecraft:textures/atlas/blocks.png-atlas
[10:07:47] [Render thread/INFO]: Created: 256x256x4 minecraft:textures/atlas/signs.png-atlas
[10:07:47] [Render thread/INFO]: Created: 512x512x4 minecraft:textures/atlas/shield_patterns.png-atlas
[10:07:47] [Render thread/INFO]: Created: 512x512x4 minecraft:textures/atlas/banner_patterns.png-atlas
[10:07:47] [Render thread/INFO]: Created: 1024x1024x4 minecraft:textures/atlas/armor_trims.png-atlas
[10:07:47] [Render thread/INFO]: Created: 128x64x4 minecraft:textures/atlas/decorated_pot.png-atlas
[10:07:47] [Render thread/INFO]: Created: 256x256x4 minecraft:textures/atlas/chest.png-atlas
[10:07:47] [Render thread/INFO]: Created: 512x256x4 minecraft:textures/atlas/beds.png-atlas
[10:07:47] [Render thread/INFO]: Created: 512x256x4 minecraft:textures/atlas/shulker_boxes.png-atlas
[10:07:47] [Render thread/WARN]: Method overwrite conflict for setSides in entity_model_features-common.mixins.json:accessor.CuboidAccessor from mod entity_model_features, previously written by io.github.kosmx.bendylib.mixin.CuboidMutator. Skipping method.
[10:07:47] [Render thread/WARN]: @Inject(@At("INVOKE")) Shift.BY=2 on seriousplayeranimations.mixins.json:PlayerEntityRendererMixin from mod seriousplayeranimations::handler$dll000$seriousplayeranimations$setModelPose exceeds the maximum allowed value: 0. Increase the value of maxShiftBy to suppress this warning.
[10:07:48] [Render thread/WARN]: Shader rendertype_entity_translucent_emissive could not find sampler named Sampler2 in the specified shader program.
[10:07:48] [Render thread/INFO]: Created: 512x512x0 minecraft:textures/atlas/particles.png-atlas
[10:07:48] [Render thread/INFO]: Created: 256x256x0 minecraft:textures/atlas/paintings.png-atlas
[10:07:48] [Render thread/INFO]: Created: 256x128x0 minecraft:textures/atlas/mob_effects.png-atlas
[10:07:48] [Render thread/INFO]: Created: 256x128x0 jei:textures/atlas/gui.png-atlas
[10:07:49] [Render thread/INFO]: Successfully reloaded the minimap shaders!
[10:07:49] [Render thread/INFO]: Successfully reloaded the world map shaders!
[10:07:49] [Render thread/INFO]: reloading ETF data.
[10:07:49] [Render thread/INFO]: emissive suffixes loaded: {_e}.
[10:07:49] [Render thread/INFO]: emissive suffixes loaded: {_e}.
[10:09:29] [Render thread/INFO]: Creating pipeline for dimension NamespacedId{namespace='minecraft', name='overworld'}
[10:09:30] [Realms Notification Availability checker #1/INFO]: Could not authorize you against Realms server: Invalid session id
[10:09:30] [Render thread/INFO]: Checking latest version of Meteor Client
[10:09:30] [Meteor-Executor-3/INFO]: Rejects version: 1f0eef9e15fdbbb205523ba05d62df6815a7dec9
[10:09:31] [Meteor-Executor-3/INFO]: Rejects version: 1f0eef9e15fdbbb205523ba05d62df6815a7dec9
[10:09:44] [IO-Worker-1/INFO]: System default audio device has changed!
[10:09:44] [Render thread/WARN]: Missing sound for event: minecraft:item.goat_horn.play
[10:09:44] [Render thread/WARN]: Missing sound for event: minecraft:entity.goat.screaming.horn_break
[10:09:44] [Render thread/INFO]: OpenAL initialized on device OpenAL Soft on Headphones (JBL WAVE100TWS)
[10:09:44] [Render thread/INFO]: Sound engine started
[10:09:45] [Render thread/INFO]: ARRP register - before vanilla
[10:09:45] [Render thread/INFO]: ARRP register - after vanilla
[10:09:47] [Render thread/INFO]: Loaded 7 recipes
[10:09:47] [Render thread/INFO]: Loaded 1271 advancements
[10:09:47] [Render thread/INFO]: closing rrp ebe:base_resources
[10:10:00] [Render thread/INFO]: ARRP register - before user
[10:10:11] [Render thread/INFO]: [EMF (Entity Model Features)]: Clearing data for reload.
[10:10:11] [Render thread/INFO]: ARRP register - before user
[10:10:11] [Render thread/INFO]: closing rrp ebe:base_resources
[10:10:11] [Render thread/INFO]: ARRP register - before vanilla
[10:10:11] [Render thread/INFO]: ARRP register - after vanilla
[10:10:11] [Worker-Main-4/INFO]: Found unifont_all_no_pua-15.0.06.hex, loading
[10:10:12] [Render thread/WARN]: Missing sound for event: minecraft:item.goat_horn.play
[10:10:12] [Render thread/WARN]: Missing sound for event: minecraft:entity.goat.screaming.horn_break
[10:10:12] [Render thread/INFO]: OpenAL initialized on device OpenAL Soft on Headphones (JBL WAVE100TWS)
[10:10:12] [Render thread/INFO]: Sound engine started
[10:10:12] [Render thread/INFO]: Created: 1024x1024x4 minecraft:textures/atlas/blocks.png-atlas
[10:10:12] [Render thread/INFO]: New world map region cache hash code: 601551700
[10:10:12] [Render thread/INFO]: Created: 256x256x4 minecraft:textures/atlas/signs.png-atlas
[10:10:12] [Render thread/INFO]: Created: 512x512x4 minecraft:textures/atlas/shield_patterns.png-atlas
[10:10:12] [Render thread/INFO]: Created: 512x512x4 minecraft:textures/atlas/banner_patterns.png-atlas
[10:10:12] [Render thread/INFO]: Created: 1024x1024x4 minecraft:textures/atlas/armor_trims.png-atlas
[10:10:12] [Render thread/INFO]: Created: 128x64x4 minecraft:textures/atlas/decorated_pot.png-atlas
[10:10:12] [Render thread/INFO]: Created: 256x256x4 minecraft:textures/atlas/chest.png-atlas
[10:10:12] [Render thread/INFO]: Created: 512x256x4 minecraft:textures/atlas/beds.png-atlas
[10:10:12] [Render thread/INFO]: Created: 512x256x4 minecraft:textures/atlas/shulker_boxes.png-atlas
[10:10:12] [Render thread/WARN]: Shader rendertype_entity_translucent_emissive could not find sampler named Sampler2 in the specified shader program.
[10:10:12] [Render thread/INFO]: Created: 512x512x0 minecraft:textures/atlas/particles.png-atlas
[10:10:12] [Render thread/INFO]: Created: 256x256x0 minecraft:textures/atlas/paintings.png-atlas
[10:10:12] [Render thread/INFO]: Created: 256x128x0 minecraft:textures/atlas/mob_effects.png-atlas
[10:10:12] [Render thread/INFO]: Created: 256x128x0 jei:textures/atlas/gui.png-atlas
[10:10:12] [Render thread/INFO]: Successfully reloaded the minimap shaders!
[10:10:12] [Render thread/INFO]: Successfully reloaded the world map shaders!
[10:10:12] [Render thread/INFO]: reloading ETF data.
[10:10:12] [Render thread/INFO]: emissive suffixes loaded: {_e}.
[10:10:19] [Render thread/INFO]: ARRP register - before user
[10:10:21] [Render thread/INFO]: ARRP register - before user
[10:11:02] [Render thread/INFO]: ARRP register - before user
[10:11:03] [Render thread/INFO]: ARRP register - before user
[10:11:05] [Render thread/INFO]: ARRP register - before user
[10:11:06] [Render thread/INFO]: [EMF (Entity Model Features)]: Clearing data for reload.
[10:11:06] [Render thread/INFO]: ARRP register - before user
[10:11:06] [Render thread/INFO]: closing rrp ebe:base_resources
[10:11:06] [Render thread/INFO]: ARRP register - before vanilla
[10:11:06] [Render thread/INFO]: ARRP register - after vanilla
[10:11:06] [Worker-Main-3/INFO]: Found unifont_all_no_pua-15.0.06.hex, loading
[10:11:07] [Render thread/WARN]: Missing sound for event: minecraft:item.goat_horn.play
[10:11:07] [Render thread/WARN]: Missing sound for event: minecraft:entity.goat.screaming.horn_break
[10:11:07] [Render thread/INFO]: OpenAL initialized on device OpenAL Soft on Headphones (JBL WAVE100TWS)
[10:11:07] [Render thread/INFO]: Sound engine started
[10:11:07] [Render thread/INFO]: Created: 1024x1024x4 minecraft:textures/atlas/blocks.png-atlas
[10:11:07] [Render thread/INFO]: New world map region cache hash code: 63437457
[10:11:07] [Render thread/INFO]: Created: 256x256x4 minecraft:textures/atlas/signs.png-atlas
[10:11:07] [Render thread/INFO]: Created: 512x512x4 minecraft:textures/atlas/shield_patterns.png-atlas
[10:11:07] [Render thread/INFO]: Created: 512x512x4 minecraft:textures/atlas/banner_patterns.png-atlas
[10:11:07] [Render thread/INFO]: Created: 1024x1024x4 minecraft:textures/atlas/armor_trims.png-atlas
[10:11:07] [Render thread/INFO]: Created: 128x64x4 minecraft:textures/atlas/decorated_pot.png-atlas
[10:11:07] [Render thread/INFO]: Created: 256x256x4 minecraft:textures/atlas/chest.png-atlas
[10:11:07] [Render thread/INFO]: Created: 512x256x4 minecraft:textures/atlas/beds.png-atlas
[10:11:07] [Render thread/INFO]: Created: 512x256x4 minecraft:textures/atlas/shulker_boxes.png-atlas
[10:11:07] [Render thread/WARN]: Shader rendertype_entity_translucent_emissive could not find sampler named Sampler2 in the specified shader program.
[10:11:07] [Render thread/INFO]: Created: 512x512x0 minecraft:textures/atlas/particles.png-atlas
[10:11:07] [Render thread/INFO]: Created: 256x256x0 minecraft:textures/atlas/paintings.png-atlas
[10:11:07] [Render thread/INFO]: Created: 256x128x0 minecraft:textures/atlas/mob_effects.png-atlas
[10:11:07] [Render thread/INFO]: Created: 256x128x0 jei:textures/atlas/gui.png-atlas
[10:11:07] [Render thread/INFO]: Successfully reloaded the minimap shaders!
[10:11:07] [Render thread/INFO]: Successfully reloaded the world map shaders!
[10:11:07] [Render thread/INFO]: reloading ETF data.
[10:11:07] [Render thread/INFO]: emissive suffixes loaded: {_e}.
[10:11:12] [Render thread/INFO]: ARRP register - before vanilla
[10:11:12] [Render thread/INFO]: ARRP register - after vanilla
[10:11:12] [Render thread/INFO]: Loaded 7 recipes
[10:11:12] [Render thread/INFO]: Loaded 1271 advancements
[10:11:13] [Render thread/INFO]: closing rrp ebe:base_resources
[10:11:25] [Render thread/INFO]: ARRP register - before user
[10:11:25] [Render thread/INFO]: ARRP register - before vanilla
[10:11:25] [Render thread/INFO]: ARRP register - after vanilla
[10:11:25] [Render thread/INFO]: Stopping JEI
[10:11:25] [Render thread/INFO]: Stopping JEI
[10:11:25] [Render thread/INFO]: Sending Runtime Unavailable...
[10:11:25] [Render thread/INFO]: Stopping JEI GUI
[10:11:25] [Render thread/INFO]: Sending Runtime Unavailable took 359.9 μs
[10:11:25] [Render thread/INFO]: emissive suffixes loaded: {_e}.
[10:11:25] [Render thread/INFO]: Applied 0 biome modifications to 0 of 64 new biomes in 2.738 ms
[10:11:25] [Server thread/INFO]: Starting integrated minecraft server version 1.20.1
[10:11:25] [Server thread/INFO]: Generating keypair
[10:11:30] [Server thread/INFO]: Preparing start region for dimension minecraft:overworld
[10:11:31] [Render thread/INFO]: Preparing spawn area: 0%
[10:11:31] [Render thread/INFO]: Preparing spawn area: 0%
[10:11:31] [Render thread/INFO]: Preparing spawn area: 0%
[10:11:32] [Render thread/INFO]: Preparing spawn area: 0%
[10:11:32] [Render thread/INFO]: Preparing spawn area: 0%
[10:11:33] [Render thread/INFO]: Preparing spawn area: 1%
[10:11:33] [Render thread/INFO]: Preparing spawn area: 2%
[10:11:34] [Render thread/INFO]: Preparing spawn area: 3%
[10:11:34] [Render thread/INFO]: Preparing spawn area: 4%
[10:11:35] [Render thread/INFO]: Preparing spawn area: 6%
[10:11:35] [Render thread/INFO]: Preparing spawn area: 8%
[10:11:36] [Render thread/INFO]: Preparing spawn area: 9%
[10:11:36] [Render thread/INFO]: Preparing spawn area: 12%
[10:11:37] [Render thread/INFO]: Preparing spawn area: 15%
[10:11:37] [Render thread/INFO]: Preparing spawn area: 17%
[10:11:38] [Render thread/INFO]: Preparing spawn area: 19%
[10:11:38] [Render thread/INFO]: Preparing spawn area: 22%
[10:11:39] [Render thread/INFO]: Preparing spawn area: 25%
[10:11:39] [Render thread/INFO]: Preparing spawn area: 28%
[10:11:40] [Render thread/INFO]: Preparing spawn area: 31%
[10:11:40] [Render thread/INFO]: Preparing spawn area: 33%
[10:11:41] [Render thread/INFO]: Preparing spawn area: 36%
[10:11:41] [Render thread/INFO]: Preparing spawn area: 40%
[10:11:42] [Render thread/INFO]: Preparing spawn area: 43%
[10:11:42] [Render thread/INFO]: Preparing spawn area: 44%
[10:11:43] [Render thread/INFO]: Preparing spawn area: 47%
[10:11:43] [Render thread/INFO]: Preparing spawn area: 51%
[10:11:44] [Render thread/INFO]: Preparing spawn area: 54%
[10:11:44] [Render thread/INFO]: Preparing spawn area: 56%
[10:11:45] [Render thread/INFO]: Preparing spawn area: 58%
[10:11:45] [Render thread/INFO]: Preparing spawn area: 62%
[10:11:46] [Render thread/INFO]: Preparing spawn area: 65%
[10:11:46] [Render thread/INFO]: Preparing spawn area: 68%
[10:11:47] [Render thread/INFO]: Preparing spawn area: 70%
[10:11:47] [Render thread/INFO]: Preparing spawn area: 74%
[10:11:48] [Render thread/INFO]: Preparing spawn area: 77%
[10:11:48] [Render thread/INFO]: Preparing spawn area: 82%
[10:11:49] [Render thread/INFO]: Preparing spawn area: 83%
[10:11:49] [Render thread/INFO]: Preparing spawn area: 85%
[10:11:50] [Render thread/INFO]: Preparing spawn area: 89%
[10:11:50] [Render thread/INFO]: Preparing spawn area: 92%
[10:11:51] [Render thread/INFO]: Preparing spawn area: 96%
[10:11:51] [Render thread/INFO]: Time elapsed: 20998 ms
[10:11:53] [Server thread/INFO]: Changing view distance to 12, from 10
[10:11:53] [Server thread/INFO]: Changing simulation distance to 12, from 0
[10:11:54] [Netty Local Client IO #0/INFO]: [System] [CHAT] [Replay Mod] Recording started
[10:11:56] [Server thread/INFO]: FreshCrazy[local:E:e2cad952] logged in with entity id 292 at (-46.5, 76.0, 144.5)
[10:11:56] [Server thread/INFO]: FreshCrazy joined the game
[10:12:03] [Render thread/INFO]: New minimap session initialized!
[10:12:03] [Render thread/INFO]: New world map session initialized!
[10:12:03] [Render thread/WARN]: Method overwrite conflict for getChunks in meteor-client.mixins.json:ClientChunkManagerAccessor from mod meteor-client, previously written by me.cominixo.betterf3.mixin.chunk.ClientChunkManagerMixin. Skipping method.
[10:12:03] [Render thread/WARN]: Method overwrite conflict for getChunks in betterf3.mixins.json:chunk.ClientChunkMapMixin from mod betterf3, previously written by baritone.launch.mixins.MixinChunkArray. Skipping method.
[10:12:03] [Render thread/WARN]: Method overwrite conflict for getChunks in meteor-client.mixins.json:ClientChunkMapAccessor from mod meteor-client, previously written by baritone.launch.mixins.MixinChunkArray. Skipping method.
[10:12:03] [Render thread/INFO]: Reloading pipeline on dimension change: NamespacedId{namespace='minecraft', name='overworld'} => NamespacedId{namespace='minecraft', name='overworld'}
[10:12:03] [Render thread/INFO]: Destroying pipeline NamespacedId{namespace='minecraft', name='overworld'}
[10:12:03] [Render thread/INFO]: Creating pipeline for dimension NamespacedId{namespace='minecraft', name='overworld'}
[10:12:04] [Render thread/INFO]: Started 1 worker threads
[10:12:04] [Render thread/INFO]: [STDOUT]: Baritone world data dir: C:\Users\yarik\AppData\Roaming\.tlauncher\legacy\Minecraft\game\saves\metheor setup\.\baritone\minecraft\overworld_384
[10:12:04] [Render thread/INFO]: [STDOUT]: Cached world directory: C:\Users\yarik\AppData\Roaming\.tlauncher\legacy\Minecraft\game\saves\metheor setup\.\baritone\minecraft\overworld_384\cache
[10:12:04] [Render thread/INFO]: [STDOUT]: Would save waypoints to C:\Users\yarik\AppData\Roaming\.tlauncher\legacy\Minecraft\game\saves\metheor setup\.\baritone\minecraft\overworld_384\waypoints
[10:12:05] [Render thread/INFO]: [System] [CHAT] Iris 1.6.11 has released, with performance improvements and bug fixes, along with some minor features. Download it at: Modrinth
[10:12:05] [Render thread/INFO]: Using 3 total BufferBuilder caches
[10:12:05] [Render thread/WARN]: Unable to read property: east with value: false for blockstate: {Name:"minecraft:cobblestone_wall",Properties:{east:"false",north:"false",south:"false",up:"false",west:"false"}}
[10:12:05] [Render thread/WARN]: Unable to read property: south with value: false for blockstate: {Name:"minecraft:cobblestone_wall",Properties:{east:"false",north:"false",south:"false",up:"false",west:"false"}}
[10:12:05] [Render thread/WARN]: Unable to read property: north with value: false for blockstate: {Name:"minecraft:cobblestone_wall",Properties:{east:"false",north:"false",south:"false",up:"false",west:"false"}}
[10:12:05] [Render thread/WARN]: Unable to read property: west with value: false for blockstate: {Name:"minecraft:cobblestone_wall",Properties:{east:"false",north:"false",south:"false",up:"false",west:"false"}}
[10:12:05] [Render thread/WARN]: Unable to read property: east with value: false for blockstate: {Name:"minecraft:mossy_cobblestone_wall",Properties:{east:"false",north:"false",south:"false",up:"false",west:"false"}}
[10:12:05] [Render thread/WARN]: Unable to read property: south with value: false for blockstate: {Name:"minecraft:mossy_cobblestone_wall",Properties:{east:"false",north:"false",south:"false",up:"false",west:"false"}}
[10:12:05] [Render thread/WARN]: Unable to read property: north with value: false for blockstate: {Name:"minecraft:mossy_cobblestone_wall",Properties:{east:"false",north:"false",south:"false",up:"false",west:"false"}}
[10:12:05] [Render thread/WARN]: Unable to read property: west with value: false for blockstate: {Name:"minecraft:mossy_cobblestone_wall",Properties:{east:"false",north:"false",south:"false",up:"false",west:"false"}}
[10:12:05] [Render thread/INFO]: [ShulkerBoxTooltip] Server integration enabled, attempting handshake...
[10:12:05] [Netty Server IO #1/INFO]: [ShulkerBoxTooltip] FreshCrazy: protocol version: 2.0
[10:12:05] [Netty Local Client IO #0/INFO]: [ShulkerBoxTooltip] Handshake succeeded
[10:12:05] [Netty Local Client IO #0/INFO]: [ShulkerBoxTooltip] Server protocol version: 2.0
[10:12:05] [Server thread/INFO]: [ShulkerBoxTooltip Plugins] Loading 1 plugin: shulkerboxtooltip
[10:12:05] [Server thread/INFO]: [ShulkerBoxTooltip Plugins] Registered 7 providers for mod shulkerboxtooltip
[10:12:05] [Render thread/INFO]: Starting JEI...
[10:12:05] [Render thread/INFO]: Registering item subtypes...
[10:12:05] [Render thread/INFO]: Registering item subtypes took 5.449 ms
[10:12:05] [Render thread/INFO]: Registering fluid subtypes...
[10:12:05] [Render thread/INFO]: Registering fluid subtypes took 2.957 ms
[10:12:05] [Render thread/INFO]: Registering ingredients...
[10:12:05] [Render thread/INFO]: Registering ingredients: jei:minecraft took 118.2 milliseconds
[10:12:05] [Render thread/INFO]: Registering ingredients took 118.9 ms
[10:12:05] [Render thread/INFO]: Registering categories...
[10:12:05] [Render thread/INFO]: Registering categories: jei:minecraft took 53.75 milliseconds
[10:12:05] [Render thread/INFO]: Registering categories took 56.52 ms
[10:12:05] [Render thread/INFO]: Registering vanilla category extensions...
[10:12:05] [Render thread/INFO]: Registering vanilla category extensions took 4.965 ms
[10:12:05] [Render thread/INFO]: Registering recipe catalysts...
[10:12:05] [Render thread/INFO]: Registering recipe catalysts took 613.0 μs
[10:12:05] [Render thread/INFO]: Registering advanced plugins...
[10:12:05] [Render thread/INFO]: Registering advanced plugins took 268.1 μs
[10:12:05] [Render thread/INFO]: Building recipe registry...
[10:12:05] [Render thread/INFO]: Building recipe registry took 16.60 ms
[10:12:05] [Render thread/INFO]: Registering recipes...
[10:12:06] [Render thread/INFO]: Registering recipes: jei:minecraft took 657.6 milliseconds
[10:12:06] [Render thread/INFO]: Registering recipes took 658.6 ms
[10:12:06] [Render thread/INFO]: Registering recipes transfer handlers...
[10:12:06] [Render thread/INFO]: Registering recipes transfer handlers: jei:minecraft took 24.28 milliseconds
[10:12:06] [Render thread/INFO]: Registering recipes transfer handlers took 26.01 ms
[10:12:06] [Render thread/INFO]: Building runtime...
[10:12:06] [Render thread/INFO]: Registering gui handlers...
[10:12:06] [Render thread/INFO]: Registering gui handlers: jei:minecraft took 93.88 milliseconds
[10:12:06] [Render thread/INFO]: Registering gui handlers: jei:gui took 16.56 milliseconds
[10:12:06] [Render thread/INFO]: Registering gui handlers took 111.2 ms
[10:12:06] [Render thread/INFO]: Registering Runtime...
[10:12:06] [Render thread/INFO]: Starting JEI GUI
[10:12:06] [Render thread/INFO]: Building ingredient list...
[10:12:06] [Render thread/INFO]: Building ingredient list took 7.739 ms
[10:12:06] [Render thread/INFO]: Building ingredient filter...
[10:12:06] [Render thread/INFO]: Adding 1517 ingredients
[10:12:07] [Render thread/INFO]: Added 1517 ingredients
[10:12:07] [Render thread/INFO]: Building ingredient filter took 599.3 ms
[10:12:07] [Render thread/INFO]: Registering Runtime took 881.3 ms
[10:12:07] [Render thread/INFO]: Building runtime took 1.071 s
[10:12:07] [Render thread/INFO]: Sending Runtime...
[10:12:07] [Render thread/INFO]: Sending Runtime took 292.0 μs
[10:12:07] [Render thread/INFO]: Starting JEI took 2.158 s
[10:12:07] [Render thread/INFO]: Minimap updated server level id: 217020086 for world ResourceKey[minecraft:dimension / minecraft:overworld]
[10:12:08] [Render thread/INFO]: Loaded 2 advancements
[10:12:08] [Render thread/INFO]: [ShulkerBoxTooltip Plugins] Registered 19 color keys for mod shulkerboxtooltip
[10:12:08] [Render thread/INFO]: [System] [CHAT] 
[10:12:08] [Render thread/INFO]: [System] [CHAT] §7-------[§aCraftify§7]-------
[10:12:08] [Render thread/INFO]: [System] [CHAT] §6This is your first time loading the mod.
[10:12:08] [Render thread/INFO]: [System] [CHAT] §6To setup the mod run §9/craftify§6 and go to the Login category.
[10:12:08] [Render thread/INFO]: [System] [CHAT] §6If you would like to support the creator you can
[10:12:08] [Render thread/INFO]: [System] [CHAT] §6sub to §2ThatGravyBoat§6 on §cpatreon§6, link in the
[10:12:08] [Render thread/INFO]: [System] [CHAT] §6config you will also get a small cosmetic if you do.
[10:12:08] [Render thread/INFO]: [System] [CHAT] §7----------------------
[10:12:08] [Render thread/INFO]: [System] [CHAT] 
[10:12:09] [Render thread/INFO]: Reloading entity icon resources...
[10:12:09] [Render thread/INFO]: Done!
[10:12:28] [Server thread/INFO]: Saving and pausing game...
[10:12:28] [Server thread/INFO]: Saving chunks for level 'ServerLevel[metheor setup]'/minecraft:overworld
[10:12:28] [Server thread/INFO]: Saving chunks for level 'ServerLevel[metheor setup]'/minecraft:the_nether
[10:12:28] [Server thread/INFO]: Saving chunks for level 'ServerLevel[metheor setup]'/minecraft:the_end
[10:12:28] [Render thread/WARN]: Shader cabb2374eda405e66b897908637abd1da5deac52 could not find uniform named subpixel_amount in the specified shader program.
[10:12:34] [ForkJoinPool.commonPool-worker-4/INFO]: [STDOUT]: Saving region -1,-1 to disk C:\Users\yarik\AppData\Roaming\.tlauncher\legacy\Minecraft\game\saves\metheor setup\.\baritone\minecraft\overworld_384\cache
[10:12:34] [pool-15-thread-2/INFO]: [STDOUT]: Saving region -1,0 to disk C:\Users\yarik\AppData\Roaming\.tlauncher\legacy\Minecraft\game\saves\metheor setup\.\baritone\minecraft\overworld_384\cache
[10:12:34] [ForkJoinPool.commonPool-worker-3/INFO]: [STDOUT]: Saving region 0,-1 to disk C:\Users\yarik\AppData\Roaming\.tlauncher\legacy\Minecraft\game\saves\metheor setup\.\baritone\minecraft\overworld_384\cache
[10:12:34] [ForkJoinPool.commonPool-worker-2/INFO]: [STDOUT]: Saving region 0,0 to disk C:\Users\yarik\AppData\Roaming\.tlauncher\legacy\Minecraft\game\saves\metheor setup\.\baritone\minecraft\overworld_384\cache
[10:12:34] [ForkJoinPool.commonPool-worker-4/INFO]: [STDOUT]: Saved region successfully
[10:12:34] [ForkJoinPool.commonPool-worker-3/INFO]: [STDOUT]: Saved region successfully
[10:12:34] [ForkJoinPool.commonPool-worker-2/INFO]: [STDOUT]: Saved region successfully
[10:12:34] [pool-15-thread-2/INFO]: [STDOUT]: Saved region successfully
[10:12:34] [pool-15-thread-2/INFO]: [STDOUT]: World save took 131ms
[10:13:08] [Server thread/INFO]: Saving and pausing game...
[10:13:08] [Server thread/INFO]: Saving chunks for level 'ServerLevel[metheor setup]'/minecraft:overworld
[10:13:08] [Server thread/INFO]: Saving chunks for level 'ServerLevel[metheor setup]'/minecraft:the_nether
[10:13:08] [Server thread/INFO]: Saving chunks for level 'ServerLevel[metheor setup]'/minecraft:the_end
[10:13:21] [Render thread/INFO]: Flushed changes to Minecraft configuration
[10:13:54] [Server thread/INFO]: Saving and pausing game...
[10:13:54] [Server thread/INFO]: Saving chunks for level 'ServerLevel[metheor setup]'/minecraft:overworld
[10:13:54] [Server thread/INFO]: Saving chunks for level 'ServerLevel[metheor setup]'/minecraft:the_nether
[10:13:54] [Server thread/INFO]: Saving chunks for level 'ServerLevel[metheor setup]'/minecraft:the_end
[10:13:57] [Server thread/INFO]: Saving and pausing game...
[10:13:57] [Server thread/INFO]: Saving chunks for level 'ServerLevel[metheor setup]'/minecraft:overworld
[10:13:57] [Server thread/INFO]: Saving chunks for level 'ServerLevel[metheor setup]'/minecraft:the_nether
[10:13:57] [Server thread/INFO]: Saving chunks for level 'ServerLevel[metheor setup]'/minecraft:the_end
[10:14:12] [Server thread/INFO]: Saving and pausing game...
[10:14:12] [Server thread/INFO]: Saving chunks for level 'ServerLevel[metheor setup]'/minecraft:overworld
[10:14:12] [Server thread/INFO]: Saving chunks for level 'ServerLevel[metheor setup]'/minecraft:the_nether
[10:14:12] [Server thread/INFO]: Saving chunks for level 'ServerLevel[metheor setup]'/minecraft:the_end
[10:14:16] [Server thread/INFO]: Saving and pausing game...
[10:14:16] [Server thread/INFO]: Saving chunks for level 'ServerLevel[metheor setup]'/minecraft:overworld
[10:14:16] [Server thread/INFO]: Saving chunks for level 'ServerLevel[metheor setup]'/minecraft:the_nether
[10:14:16] [Server thread/INFO]: Saving chunks for level 'ServerLevel[metheor setup]'/minecraft:the_end
[10:14:17] [Render thread/INFO]: Generating YACL screen
[10:14:17] [Render thread/ERROR]: Invalid mod icon for icon source baritone-meteor: assets/baritone/icon.png
java.nio.file.NoSuchFileException: /assets/baritone/icon.png
	at jdk.nio.zipfs.ZipFileSystem.newInputStream(ZipFileSystem.java:861) ~[jdk.zipfs:?]
	at jdk.nio.zipfs.ZipPath.newInputStream(ZipPath.java:749) ~[jdk.zipfs:?]
	at jdk.nio.zipfs.ZipFileSystemProvider.newInputStream(ZipFileSystemProvider.java:261) ~[jdk.zipfs:?]
	at java.nio.file.Files.newInputStream(Files.java:160) ~[?:?]
	at com.terraformersmc.modmenu.gui.widget.entries.ModListEntry.getIconTexture(ModListEntry.java:130) ~[modmenu-7.2.2.jar:?]
	at com.terraformersmc.modmenu.gui.widget.entries.ModListEntry.method_25343(ModListEntry.java:59) ~[modmenu-7.2.2.jar:?]
	at com.terraformersmc.modmenu.gui.widget.ModListWidget.method_25311(ModListWidget.java:241) ~[modmenu-7.2.2.jar:?]
	at net.minecraft.class_350.method_25394(class_350.java:227) ~[client-intermediary.jar:?]
	at com.terraformersmc.modmenu.gui.ModsScreen.method_25394(ModsScreen.java:285) ~[modmenu-7.2.2.jar:?]
	at net.minecraft.class_437.method_47413(class_437.java:110) ~[client-intermediary.jar:?]
	at net.minecraft.class_757.method_3192(class_757.java:945) ~[client-intermediary.jar:?]
	at net.minecraft.class_310.method_1523(class_310.java:1219) ~[client-intermediary.jar:?]
	at net.minecraft.class_310.method_1514(class_310.java:802) ~[client-intermediary.jar:?]
[10:14:18] [Render thread/WARN]: Warning! Mod baritone-meteor has a broken icon, loading default icon
[10:14:21] [Render thread/ERROR]: Invalid mod icon for icon source baritone-meteor: assets/baritone/icon.png
java.nio.file.NoSuchFileException: /assets/baritone/icon.png
	at jdk.nio.zipfs.ZipFileSystem.newInputStream(ZipFileSystem.java:861) ~[jdk.zipfs:?]
	at jdk.nio.zipfs.ZipPath.newInputStream(ZipPath.java:749) ~[jdk.zipfs:?]
	at jdk.nio.zipfs.ZipFileSystemProvider.newInputStream(ZipFileSystemProvider.java:261) ~[jdk.zipfs:?]
	at java.nio.file.Files.newInputStream(Files.java:160) ~[?:?]
	at com.terraformersmc.modmenu.gui.widget.entries.ModListEntry.getIconTexture(ModListEntry.java:130) ~[modmenu-7.2.2.jar:?]
	at com.terraformersmc.modmenu.gui.widget.entries.ModListEntry.method_25343(ModListEntry.java:59) ~[modmenu-7.2.2.jar:?]
	at com.terraformersmc.modmenu.gui.widget.ModListWidget.method_25311(ModListWidget.java:241) ~[modmenu-7.2.2.jar:?]
	at net.minecraft.class_350.method_25394(class_350.java:227) ~[client-intermediary.jar:?]
	at com.terraformersmc.modmenu.gui.ModsScreen.method_25394(ModsScreen.java:285) ~[modmenu-7.2.2.jar:?]
	at net.minecraft.class_437.method_47413(class_437.java:110) ~[client-intermediary.jar:?]
	at net.minecraft.class_757.method_3192(class_757.java:945) ~[client-intermediary.jar:?]
	at net.minecraft.class_310.method_1523(class_310.java:1219) ~[client-intermediary.jar:?]
	at net.minecraft.class_310.method_1514(class_310.java:802) ~[client-intermediary.jar:?]
[10:14:21] [Render thread/WARN]: Warning! Mod craftify has a broken icon, loading default icon
[10:15:39] [Render thread/WARN]: Class xaero.common.minimap.render.radar.EntityIconModelPartsRenderer$VertexConsumerWrapper does not support optimized vertex writing code paths, which may cause reduced rendering performance
[10:17:46] [Meteor-Executor-5/INFO]: [STDERR]: java.io.IOException: Connection reset
[10:17:46] [Meteor-Executor-5/INFO]: [STDERR]: 	at java.net.http/jdk.internal.net.http.HttpClientImpl.send(HttpClientImpl.java:586)
[10:17:46] [Meteor-Executor-5/INFO]: [STDERR]: 	at java.net.http/jdk.internal.net.http.HttpClientFacade.send(HttpClientFacade.java:123)
[10:17:46] [Meteor-Executor-5/INFO]: [STDERR]: 	at meteordevelopment.meteorclient.utils.network.Http$Request._send(Http.java:92)
[10:17:46] [Meteor-Executor-5/INFO]: [STDERR]: 	at meteordevelopment.meteorclient.utils.network.Http$Request.send(Http.java:101)
[10:17:46] [Meteor-Executor-5/INFO]: [STDERR]: 	at meteordevelopment.meteorclient.utils.network.OnlinePlayers.lambda$update$0(OnlinePlayers.java:15)
[10:17:46] [Meteor-Executor-5/INFO]: [STDERR]: 	at java.base/java.util.concurrent.ThreadPoolExecutor.runWorker(ThreadPoolExecutor.java:1136)
[10:17:46] [Meteor-Executor-5/INFO]: [STDERR]: 	at java.base/java.util.concurrent.ThreadPoolExecutor$Worker.run(ThreadPoolExecutor.java:635)
[10:17:46] [Meteor-Executor-5/INFO]: [STDERR]: 	at java.base/java.lang.Thread.run(Thread.java:833)
[10:17:46] [Meteor-Executor-5/INFO]: [STDERR]: Caused by: java.net.SocketException: Connection reset
[10:17:46] [Meteor-Executor-5/INFO]: [STDERR]: 	at java.base/sun.nio.ch.SocketChannelImpl.throwConnectionReset(SocketChannelImpl.java:394)
[10:17:46] [Meteor-Executor-5/INFO]: [STDERR]: 	at java.base/sun.nio.ch.SocketChannelImpl.read(SocketChannelImpl.java:426)
[10:17:46] [Meteor-Executor-5/INFO]: [STDERR]: 	at java.net.http/jdk.internal.net.http.SocketTube.readAvailable(SocketTube.java:1170)
[10:17:46] [Meteor-Executor-5/INFO]: [STDERR]: 	at java.net.http/jdk.internal.net.http.SocketTube$InternalReadPublisher$InternalReadSubscription.read(SocketTube.java:833)
[10:17:46] [Meteor-Executor-5/INFO]: [STDERR]: 	at java.net.http/jdk.internal.net.http.SocketTube$SocketFlowTask.run(SocketTube.java:181)
[10:17:46] [Meteor-Executor-5/INFO]: [STDERR]: 	at java.net.http/jdk.internal.net.http.common.SequentialScheduler$SchedulableTask.run(SequentialScheduler.java:230)
[10:17:46] [Meteor-Executor-5/INFO]: [STDERR]: 	at java.net.http/jdk.internal.net.http.common.SequentialScheduler.runOrSchedule(SequentialScheduler.java:303)
[10:17:46] [Meteor-Executor-5/INFO]: [STDERR]: 	at java.net.http/jdk.internal.net.http.common.SequentialScheduler.runOrSchedule(SequentialScheduler.java:256)
[10:17:46] [Meteor-Executor-5/INFO]: [STDERR]: 	at java.net.http/jdk.internal.net.http.SocketTube$InternalReadPublisher$InternalReadSubscription.signalReadable(SocketTube.java:774)
[10:17:46] [Meteor-Executor-5/INFO]: [STDERR]: 	at java.net.http/jdk.internal.net.http.SocketTube$InternalReadPublisher$ReadEvent.signalEvent(SocketTube.java:957)
[10:17:46] [Meteor-Executor-5/INFO]: [STDERR]: 	at java.net.http/jdk.internal.net.http.SocketTube$SocketFlowEvent.handle(SocketTube.java:253)
[10:17:46] [Meteor-Executor-5/INFO]: [STDERR]: 	at java.net.http/jdk.internal.net.http.HttpClientImpl$SelectorManager.handleEvent(HttpClientImpl.java:979)
[10:17:46] [Meteor-Executor-5/INFO]: [STDERR]: 	at java.net.http/jdk.internal.net.http.HttpClientImpl$SelectorManager.lambda$run$3(HttpClientImpl.java:934)
[10:17:46] [Meteor-Executor-5/INFO]: [STDERR]: 	at java.base/java.util.ArrayList.forEach(ArrayList.java:1511)
[10:17:46] [Meteor-Executor-5/INFO]: [STDERR]: 	at java.net.http/jdk.internal.net.http.HttpClientImpl$SelectorManager.run(HttpClientImpl.java:934)
[10:18:00] [Server thread/INFO]: Saving and pausing game...
[10:18:00] [Server thread/INFO]: Saving chunks for level 'ServerLevel[metheor setup]'/minecraft:overworld
[10:18:00] [Server thread/INFO]: Saving chunks for level 'ServerLevel[metheor setup]'/minecraft:the_nether
[10:18:00] [Server thread/INFO]: Saving chunks for level 'ServerLevel[metheor setup]'/minecraft:the_end
[10:18:32] [Render thread/INFO]: Destroying pipeline NamespacedId{namespace='minecraft', name='overworld'}
[10:18:32] [Render thread/WARN]: Unable to resolve shader pack option menu element "nCSKY" defined in shaders.properties
[10:18:32] [Render thread/INFO]: Profile: Custom (+12 options changed by user)
[10:18:32] [Render thread/INFO]: Using shaderpack: Tea_V1.5.7.zip
[10:18:32] [Render thread/INFO]: Creating pipeline for dimension NamespacedId{namespace='minecraft', name='overworld'}
[10:18:32] [Render thread/INFO]: Starting custom uniform resolving
[10:18:34] [Render thread/INFO]: Stopping worker threads
[10:18:34] [Render thread/INFO]: Started 1 worker threads
[10:19:45] [Render thread/INFO]: Loaded 11 advancements
[10:20:22] [Server thread/INFO]: Saving and pausing game...
[10:20:22] [Server thread/INFO]: Saving chunks for level 'ServerLevel[metheor setup]'/minecraft:overworld
[10:20:22] [Server thread/INFO]: Saving chunks for level 'ServerLevel[metheor setup]'/minecraft:the_nether
[10:20:22] [Server thread/INFO]: Saving chunks for level 'ServerLevel[metheor setup]'/minecraft:the_end
[10:21:16] [Server thread/INFO]: Saving and pausing game...
[10:21:16] [Server thread/INFO]: Saving chunks for level 'ServerLevel[metheor setup]'/minecraft:overworld
[10:21:16] [Server thread/INFO]: Saving chunks for level 'ServerLevel[metheor setup]'/minecraft:the_nether
[10:21:16] [Server thread/INFO]: Saving chunks for level 'ServerLevel[metheor setup]'/minecraft:the_end
[10:21:17] [Render thread/INFO]: Saving
[10:21:17] [Render thread/INFO]: Saved in 132 milliseconds.
[10:21:17] [Render thread/INFO]: Minimap session finalized.
[10:21:17] [Render thread/INFO]: Finalizing world map session...
[10:21:17] [Thread-15/INFO]: World map force-cleaned!
[10:21:17] [Render thread/INFO]: World map session finalized.
[10:21:17] [Render thread/INFO]: Stopping JEI
[10:21:17] [Render thread/INFO]: Stopping JEI
[10:21:17] [Render thread/INFO]: Sending Runtime Unavailable...
[10:21:17] [Render thread/INFO]: Stopping JEI GUI
[10:21:17] [Render thread/INFO]: Sending Runtime Unavailable took 304.1 μs
[10:21:17] [Server thread/INFO]: FreshCrazy lost connection: Disconnected
[10:21:17] [Server thread/INFO]: FreshCrazy left the game
[10:21:17] [Server thread/INFO]: Stopping singleplayer server as player logged out
[10:21:17] [Server thread/INFO]: Stopping server
[10:21:17] [Server thread/INFO]: Saving players
[10:21:17] [Server thread/INFO]: Saving worlds
[10:21:18] [Server thread/INFO]: Saving chunks for level 'ServerLevel[metheor setup]'/minecraft:overworld
[10:21:19] [Server thread/INFO]: Saving chunks for level 'ServerLevel[metheor setup]'/minecraft:the_nether
[10:21:19] [Server thread/INFO]: Saving chunks for level 'ServerLevel[metheor setup]'/minecraft:the_end
[10:21:19] [Server thread/INFO]: ThreadedAnvilChunkStorage (metheor setup): All chunks are saved
[10:21:19] [Server thread/INFO]: ThreadedAnvilChunkStorage (DIM-1): All chunks are saved
[10:21:19] [Server thread/INFO]: ThreadedAnvilChunkStorage (DIM1): All chunks are saved
[10:21:19] [Server thread/INFO]: ThreadedAnvilChunkStorage: All dimensions are saved
[10:21:19] [Server thread/INFO]: closing rrp ebe:base_resources
[10:21:19] [Render thread/INFO]: Stopping worker threads
[10:21:19] [Render thread/INFO]: emissive suffixes loaded: {_e}.
[10:21:20] [CullThread/INFO]: [STDOUT]: Shutting down culling task!
[10:21:21] [Render thread/INFO]: Stopping!
[10:21:21] [Render thread/INFO]: Stopping JEI
[10:21:21] [Render thread/INFO]: Stopping JEI
[10:21:21] [Render thread/INFO]: Sending Runtime Unavailable...
[10:21:21] [Render thread/INFO]: Stopping JEI GUI
[10:21:21] [Render thread/INFO]: Sending Runtime Unavailable took 293.9 μs
[10:21:21] [Render thread/INFO]: emissive suffixes loaded: {_e}.
                                                                                                                                                                                                                                                                                                                                                                                                                                                                                                                                                                                                                                                                                                                                                                                                                                                                                                                                                                                                                                                                                                                                                                                                                                                                                                                                                                                                                                                                                                                                                                                                                                                                                                                                                                                                                                                                                                                                                                                                                                                                                                                                                                                                                                                                                                                                                                                                                                                                                                                                                                                                                                                                                                                                                                                                                                                                                                                                                                                                                                                                                                                                                                                                                                                                                                                                                                                                                                                                                                                                                                                                                                                                                                                                                                                                                                                                                                                                                                                                                                                                                                                                                                                                                                                                                                                                                                                                                                                                                                                                                                                                                                                                                                                                                                                                                                                                                                                                                                                                                                                                                                                                                                                                                                                                                                                                                                                                                                                                                                                                                                                                                                                                                                                                                                                                                                                                                                                                                                                                                                                                                                                                                                                                                                                                                                                                                                                                                                                                                                                                                                                                                                                                                                                                                                                                                                                                                                                                                                                                                                                                                                                                                                                                                                                                                                                                                                                                                                                                                                                                                                                                                                                                                                                                                                                                                                                                                                                                                                                                                                                                                                                                                                                                                                                                                                                                                                                                                                                                                                                                                                                                                                                                                                                                                                                                                                                                                                                                                                                                                                                                                                                                                                                                                                                                                                                                                                                                                                                                                                                                                                                                                                                                                                                                                                                                                                                                                                                                                                                                                                                                                                                                                                                                                                                                                                                                                                                                                                                                                                                                                                                                                                                                                                                                                                                                                                                                                                                                                                                                                                                                                                                                                                                                                                                                                                                                                                                                                                                                                                                                                                                                                                                                                                                                                                                                                                                                                                                                                                                                                                                                                                                                                                                                                                                                                                                                                                                                                                                                                                                                                                                                                                                                                                                                                                                                                                                                                                                                                                                                                                                                                                                                                                                                                                                                                                                                                                                                                                                                                                                                                                                                                                                                                                                                                                                                                                                                                                                                                                                                                                                                                                                                                                                                                                                                                                                                                                                                                                                                                                                                                                                                                                                                                                                                                                                                                                                                                                                                                                                                                                                                                                                                                                                                                                                                                                                                                                                                                                                                                                                                                                                                                                                                                                                                                                                                                                                                                                                                                                                                                                                                                                                                                                                                                                                                                                                                                                                                                                                                                                                                                                                                                                                                                                                                                                                                                                                                                                                                                                                                                                                                                                                                                                                                                                                                                                                                                                                                                                                                                                                                                                                                                                                                                                                                                                                                                                                                                                                                                                                                                                                                                                                                                                                                                                                                                                                                                                                                                                                                                                                                                                                                                                               [10:21:21] [Render thread/INFO]: closing rrp ebe:base_resources
[10:21:21] [Thread-20/INFO]: [STDOUT]: saving seeds...
[10:21:21] [Thread-21/INFO]: Saving
